
Perple_X version 6.7.8, source updated June 7, 2017.

Enter the project name (the name assigned in BUILD) [default = my_project]:
1,2_0,9_0,07_0,09_0,0_0,0_MANTLE

Reading problem definition from file: 1,2_0,9_0,07_0,09_0,0_0,0_MANTLE.dat                                                                
Reading thermodynamic data from file: /Users/kb/Research/Magma_Oceans/ExoPlex/ExoPlex/PerPlex/stx11ver.dat                                
Reading solution models from file: /Users/kb/Research/Magma_Oceans/ExoPlex/ExoPlex/PerPlex/stx11_solution_model.dat                    
Writing print output to file: none requested                                                                                      
Writing plot output to file: 1,2_0,9_0,07_0,09_0,0_0,0_MANTLE.plt                                                                
Writing bulk composition plot output to file: 1,2_0,9_0,07_0,09_0,0_0,0_MANTLE.blk                                                                

Warning: unrecognized option text: site_check            
If the text is intentional, check spelling and case.


Warning: unrecognized option text: speciation_tolerance  
If the text is intentional, check spelling and case.


Reading Perple_X options from: /Users/kb/Research/Magma_Oceans/ExoPlex/ExoPlex/PerPlex/perplex_options.dat                         
Writing auto refine summary to file: 1,2_0,9_0,07_0,09_0,0_0,0_MANTLE_auto_refine.txt                                                    
Writing pseudocompound glossary to file: not requested                                                                                       
Writing Perple_X option summary to file: 1,2_0,9_0,07_0,09_0,0_0,0_MANTLE_VERTEX_options.txt                                                 

Perple_X version 6.7.8, source updated June 7, 2017.

Perple_X computational option settings for VERTEX:

    Keyword:               Value:     Permitted values [default]:

  Auto-refine options:

    auto_refine            aut        off manual [auto]
    auto_refine_factor_I    2.0       >=1 [3]

  Free energy minimization options:

    final_resolution:      
      exploratory stage    0.10E-01   [1e-2], target value, see actual values below
      auto-refine stage    0.25E-03   [2.5e-4], target value, see actual values below
    resolution factor       3         >1 [3]; iteration keyword value 1
    refinement points       4         1->12 [4]; iteration keyword value 2
    refinement_points_II    5         1->12 [5]
    refinement_threshold   0.10E+05   >0, [1e4] J
    solvus_tolerance_II    0.25       0->1 [0.2]
    global_reach_increment  0         >= 0 [0]
    reach_increment_switch on         [on] off all
    zero_mode              0.1E-05    0->1 [1e-6]; < 0 => off
    zero_bulk              0.1E-05    0->1 [1e-6]; < 0 => off

  2D grid options:

    x_nodes                40 / 60    [20/40], >0, <2048; effective x-resolution   40 / 473 nodes
    y_nodes                40 / 60    [20/40], >0, <2048; effective y-resolution   40 / 473 nodes
    grid_levels             1 / 4     [1/4], >0, <10
    linear_model             on       off [on]

  Solution subdivision options:

    initial_resolution     0.067      0->1 [1/15], 0 => off
    stretch_factor         0.016      >0 [0.0164]
    subdivision_override   off        [off] lin str
    hard_limits            off        [off] on

  Thermodynamic options:

    solvus_tolerance       aut        [aut] or 0->1; aut = automatic, 0 => p=c pseudocompounds, 1 => homogenize
    T_stop (K)                0.0     [0]
    T_melt (K)              873.0     [873]
    order_check            on         off [on]
    approx_alpha           T          [T] F
    Anderson-Gruneisen     F          [F] T
    speciation_factor        100.     >10 [100] speciation precision = final resolution/speciation_factor
    speciation_max_it       100       [100]
    hybrid_EoS_H2O            4       [4] 0-2, 4-5
    hybrid_EoS_CO2            4       [4] 0-4
    hybrid_EoS_CH4            1       [1] 0-1

  Input/Output options:

    dependent_potentials   on         off [on]
    pause_on_error         T          [T] F
    logarithmic_p          F          [F] T
    bad_number              0.0       [0.0]

  Information file output options:

    option_list_files      T          [F] T; echo computational options
    pseudocompound_file    F          [F] T; echo static pseudocompound compositions
    auto_refine_file       T          [F] T; echo auto-refine compositions

  Worst case (Cartesian) compositional resolution (mol): 

    Exploratory stage:    0.372E-02
    Auto-refine stage:    0.207E-03

  Adapative minimization will be done with: 

    3 iterations in the exploratory stage
    5 iterations in the auto-refine stage

To change these options see: www.perplex.ethz.ch/perplex_options.html

Context specific options are echoed in: 1,2_0,9_0,07_0,09_0,0_0,0_MANTLE_VERTEX_options.txt                                                 


Writing data for auto-refinement to file: 1,2_0,9_0,07_0,09_0,0_0,0_MANTLE.arf                                                                

      16 pseudocompounds generated for: C2/c      
      16 pseudocompounds generated for: Wus       
     136 pseudocompounds generated for: Pv        
      16 pseudocompounds generated for: Pl        
      16 pseudocompounds generated for: Sp        
      16 pseudocompounds generated for: O         
      16 pseudocompounds generated for: Wad       
      16 pseudocompounds generated for: Ring      
     816 pseudocompounds generated for: Opx       
    3876 pseudocompounds generated for: Cpx       
     136 pseudocompounds generated for: Aki       
   26671 pseudocompounds generated for: Gt_maj    
     136 pseudocompounds generated for: Ppv       
     136 pseudocompounds generated for: CF        

Total number of pseudocompounds:   32019

**warning ver099**  no data for aqueous species, aqueous_output set = F (AQIDST)


** Starting exploratory computational stage **




**warning ver369** failed to converge at T=  1400.00 K P= 574948.7 bar
Using Sixtrude GI EoS. Phase ab       will be destabilized.


**warning ver369** failed to converge at T=  1400.00 K P= 610820.5 bar
Using Sixtrude GI EoS. Phase ab       will be destabilized.


**warning ver369** failed to converge at T=  1400.00 K P= 646692.3 bar
Using Sixtrude GI EoS. Phase ab       will be destabilized.


**warning ver369** failed to converge at T=  1400.00 K P= 682564.1 bar
Using Sixtrude GI EoS. Phase ab       will be destabilized.


**warning ver369** failed to converge at T=  1400.00 K P= 718435.9 bar
Using Sixtrude GI EoS. Phase ab       will be destabilized.


**warning ver369** failed to converge at T=  1400.00 K P= 754307.7 bar
Using Sixtrude GI EoS. Phase ab       will be destabilized.


**warning ver369** failed to converge at T=  1400.00 K P= 754307.7 bar
Using Sixtrude GI EoS. Phase an       will be destabilized.


**warning ver369** failed to converge at T=  1400.00 K P= 790179.5 bar
Using Sixtrude GI EoS. Phase ab       will be destabilized.


**warning ver369** failed to converge at T=  1400.00 K P= 790179.5 bar
Using Sixtrude GI EoS. Phase an       will be destabilized.


**warning ver369** failed to converge at T=  1400.00 K P= 790179.5 bar
Using Sixtrude GI EoS. Phase neph     will be destabilized.


**warning ver049** warning 369 will not be repeated for future instances of this problem.
currently in routine: GSTX


  2.5% done with low level grid.
  5.0% done with low level grid.
  7.5% done with low level grid.
 10.0% done with low level grid.
 12.5% done with low level grid.
 15.0% done with low level grid.
 17.5% done with low level grid.
 20.0% done with low level grid.
 22.5% done with low level grid.
 25.0% done with low level grid.
 27.5% done with low level grid.
 30.0% done with low level grid.
 32.5% done with low level grid.
 35.0% done with low level grid.
 37.5% done with low level grid.
 40.0% done with low level grid.
 42.5% done with low level grid.
 45.0% done with low level grid.
 47.5% done with low level grid.
 50.0% done with low level grid.
 52.5% done with low level grid.
 55.0% done with low level grid.
 57.5% done with low level grid.
 60.0% done with low level grid.
 62.5% done with low level grid.
 65.0% done with low level grid.
 67.5% done with low level grid.
 70.0% done with low level grid.
